Thu Sep 29 00:48:40 2005RA=+02:40:00.04DEC=-01:37:00.03UT=+10:48:00.18ST=
+00:59:00.02PA=
140.66 140.21 139.75 139.29 138.83 138.37 137.90 137.43 136.96 136.49 136.01
135.53 135.05 134.56 134.07 133.58 133.09 132.59 132.09 131.59 131.09 130.58
130.07 129.55 129.04 128.52 128.00 127.47 126.94 126.41 125.87 125.33 124.79
124.25 123.70 123.15 122.59 122.04 121.48 120.91 120.35 119.78 119.20 118.63
118.05 117.46 116.88 116.29 115.70 115.10 114.50 113.90 113.30 112.69 112.08
111.46 110.85 110.23 109.60 108.98 108.35 107.72 107.09 106.45 105.82 105.18
104.53 103.89 103.24 102.59 101.94 101.29 100.63 99.98 99.32 98.66 98.00 97.34
96.68 96.01 95.35 94.68 94.02 93.35 92.68 92.02 91.35 90.69 90.02 89.36 88.69
88.03 87.37 86.71 86.05 85.39 84.73 84.08 83.43 82.78 82.13 81.49 80.84 80.20
79.57 78.94 78.31 77.68 77.06 76.44 75.83 75.22 74.62 74.02 73.42 72.83 72.24
71.66 71.09 70.52 69.95 69.40 68.84 68.30 67.75 67.22 66.69 66.17 65.65 65.14
64.64 64.14 63.65 63.16 62.68 62.21 61.75 61.29 60.84 60.39 59.96 59.52 59.10
58.68 58.27 57.87 57.47 57.08 56.70 56.32 55.95 55.59 55.23 54.88 54.54 54.20
53.87 53.55 53.23 52.92 52.62 52.32 52.03 51.75 51.47 51.20 50.93 50.67 50.41
50.17 49.92 49.69 49.46 49.23 49.01 48.80 48.59 48.39 48.19 48.00 47.81 47.63
47.46 47.29 47.12 46.96 46.80 46.65 46.51 46.37 46.23 46.10 45.97 45.85 45.73
45.62 45.51 45.40 45.30 45.21 45.11 45.02 44.94 44.86 44.78 44.71 44.64 44.58
44.52 44.46 44.41 44.35 44.31 44.26 44.22 44.19 44.15 44.12 44.10 44.07 44.05
44.04 44.02 44.01 44.00 44.00 44.00 44.00 44.00 44.01 44.02 44.03 44.04 44.06
44.08 44.10 44.12 44.15 44.18 44.21 44.25 44.28 44.32 44.36 44.41 44.45 44.50
44.55 44.60 44.66 44.72 44.77 44.83 44.90 44.96 45.03 45.10 45.17 45.24 45.31
45.39 45.47 45.55 45.63 45.71 45.80 45.88 45.97 46.06 46.15 46.25 46.34 46.44
46.54 46.63 46.74 46.84 46.94 47.05 47.15 47.26 47.37 47.48 47.60 47.71 47.82
47.94 48.06 48.18 48.30 48.42 48.54 48.67 48.79 48.92 49.04 49.17 49.30 49.43
49.57 49.70 49.83 49.97 50.11 50.24 50.38 50.52 50.66 50.81 50.95 51.09 51.24
51.38 51.53 51.68 51.83 51.98 52.13 52.28 52.43 52.59 52.74 52.90 53.05 53.21
53.37 53.53 53.68 53.85 54.01 54.17 54.33 54.49 54.66 54.82 54.99 55.16 55.32
55.49 55.66 55.83 56.00 56.17 56.35 56.52 56.69 56.87 57.04 57.22 57.39 57.57
57.75 57.92 58.10 58.28 58.46 58.64 58.82 59.01 59.19 59.37 59.56 59.74 59.93
60.11 60.30 60.48 60.67 60.86 61.05 61.24 61.43 61.62 61.81 62.00 62.19 62.38
62.58 62.77 62.96 63.16 63.35 63.55 63.75 63.94 64.14 64.34 64.54 64.73 64.93
65.13 65.33 65.53 65.73 65.94 66.14 66.34 66.54 66.75 66.95 67.16 67.36 67.57
67.77 67.98 68.19 68.39 68.60 68.81 69.02 69.23 69.43 69.64 69.85 70.06 70.28
70.49 70.70 70.91 71.12 71.34 71.55 71.76 71.98 72.19 72.41 72.62 72.84 73.06
73.27 73.49 73.71 73.93 74.14 74.36 74.58 74.80 75.02 75.24 75.46 75.68 75.90
76.13 76.35 76.57 76.79 77.02 77.24 77.46 77.69 77.91 78.14 78.36 78.59 78.82
79.04 79.27 79.50 79.72 79.95 80.18 80.41 80.64 80.87 81.10 81.33 81.56 81.79
82.02 82.25 82.48 82.72 82.95 83.18 83.41 83.65 83.88 84.12 84.35 84.59 84.82
85.06 85.29 85.53 85.77 86.00 86.24 86.48 86.72 86.96 87.19 87.43 87.67 87.91
88.15 88.39 88.63 88.88 89.12 89.36 89.60 89.84 90.09 90.33 90.57 90.82 91.06
91.31 91.55 91.80 92.05 92.29 92.54 92.78 93.03 93.28 93.53 93.78 94.03 94.27
94.52 94.77 95.02 95.27 95.53 95.78 96.03 96.28 96.53 96.79 97.04 97.29 97.55
97.80 98.06 98.31 98.57 98.82 99.08 99.34 99.59 99.85 100.11 100.37 100.63
100.89 101.14 101.40 101.67 101.93 102.19 102.45 102.71 102.97 103.24 103.50
103.76 104.03 104.29 104.56 104.82 105.09 105.36 105.62 105.89 106.16 106.43
106.69 106.96 107.23 107.50 107.77 108.04 108.32 108.59 108.86 109.13 109.41
109.68 109.95 110.23 110.51 110.78 111.06 111.33 111.61 111.89 112.17 112.45
112.73 113.01 113.29 113.57 113.85 114.13 114.42 114.70 114.99 115.27 115.56
115.84 116.13 116.42 116.70 116.99 117.28 117.57 117.86 118.15 118.44 118.74
119.03 119.32 119.62 119.91 120.21 120.50 120.80 121.10 121.40 121.70 122.00
122.30 122.60 122.90 123.20 123.51 123.81 124.12 124.42 124.73 125.04 125.35
125.66 125.97 126.28 126.59 126.91 127.22 127.53 127.85 128.17 128.48 128.80
129.12 129.44 129.76 130.09 130.41 130.73 131.06 131.39 131.71 132.04 132.37
132.70 133.04 133.37 133.70 134.04 134.38 134.71 135.05 135.39 135.73 136.08
136.42 136.77 137.11 137.46 137.81 138.16 138.51 138.87 139.22 139.58 139.94
140.29 140.66 141.02 141.38 141.75 142.11 142.48 142.85 143.22 143.60 143.97
144.35 144.73 145.11 145.49 145.88 146.26 146.65 147.04 147.43 147.83 148.22
148.62 149.02 149.42 149.83 150.23 150.64 151.05 151.46 151.88 152.30 152.72
153.14 153.56 153.99 154.42 154.85 155.29 155.72 156.16 156.61 157.05
TTL=          NaN
Thu Sep 29 00:49:43 2005RA=+02:40:00.04DEC=-01:37:00.03UT=+10:49:00.18ST=
+01:00:00.02PA=150.04TTL=          NaN
Thu Sep 29 00:50:29 2005 RA=+02:40:00.04 DEC=-01:37:00.03 UT=+10:50:00.18 ST=
+01:01:00.02 PA=150.04 TTL=          NaN
